<?xml version="1.0" encoding="UTF-8"?>
<!-- Generated by org.testng.reporters.JUnitReportReporter -->
<testsuite hostname="Wendy-PC" name="com.by.automate.tests.sample.api.Test_01View" tests="1" failures="0" timestamp="9 Mar 2016 08:53:37 GMT" time="2.709" errors="0">
  <testcase name="test010" time="2.709" classname="com.by.automate.tests.sample.api.Test_01View"/>
</testsuite> <!-- com.by.automate.tests.sample.api.Test_01View -->
