<?xml version="1.0" encoding="UTF-8"?>
<!-- Generated by org.testng.reporters.JUnitReportReporter -->
<testsuite hostname="Wendy-PC" name="com.by.automate.tests.sample.api.Test_01Login" tests="1" failures="0" timestamp="8 Mar 2016 07:08:31 GMT" time="2.348" errors="0">
  <testcase name="test010" time="2.348" classname="com.by.automate.tests.sample.api.Test_01Login"/>
</testsuite> <!-- com.by.automate.tests.sample.api.Test_01Login -->
