<?xml version="1.0" encoding="UTF-8"?>
<!-- Generated by org.testng.reporters.JUnitReportReporter -->
<testsuite hostname="Wendy-PC" name="com.by.automate.tests.internCat.android.Test_FCVerifyChance_1" tests="2" failures="0" timestamp="2 Mar 2016 09:34:08 GMT" time="43.724" errors="0">
  <testcase name="Test010SiginInternCatApp" time="43.320" classname="com.by.automate.tests.internCat.android.Test_FCVerifyChance_1"/>
  <testcase name="Test020ScreenInteation" time="0.404" classname="com.by.automate.tests.internCat.android.Test_FCVerifyChance_1"/>
</testsuite> <!-- com.by.automate.tests.internCat.android.Test_FCVerifyChance_1 -->
