<?xml version="1.0" encoding="UTF-8"?>
<!-- Generated by org.testng.reporters.JUnitReportReporter -->
<testsuite hostname="Wendy-PC" name="com.by.automate.tests.sample.web.Test1" tests="1" failures="0" timestamp="21 Jan 2016 03:54:29 GMT" time="0.020" errors="0">
  <testcase name="createFile" time="0.020" classname="com.by.automate.tests.sample.web.Test1"/>
</testsuite> <!-- com.by.automate.tests.sample.web.Test1 -->
