<?xml version="1.0" encoding="UTF-8"?>
<!-- Generated by org.testng.reporters.JUnitReportReporter -->
<testsuite hostname="Wendy-PC" name="com.by.automate.tests.internCat.android.Test_FCVerifyShow_3" tests="2" failures="0" timestamp="3 Feb 2016 08:58:52 GMT" time="0.004" errors="0">
  <testcase name="Test010" time="0.002" classname="com.by.automate.tests.internCat.android.Test_FCVerifyShow_3"/>
  <testcase name="Test020" time="0.002" classname="com.by.automate.tests.internCat.android.Test_FCVerifyShow_3"/>
</testsuite> <!-- com.by.automate.tests.internCat.android.Test_FCVerifyShow_3 -->
