<?xml version="1.0" encoding="UTF-8"?>
<!-- Generated by org.testng.reporters.JUnitReportReporter -->
<testsuite hostname="Wendy-PC" name="com.by.automate.tests.sample.api.Report" tests="1" failures="0" timestamp="9 Mar 2016 08:53:37 GMT" time="0.498" errors="0">
  <testcase name="test010" time="0.498" classname="com.by.automate.tests.sample.api.Report"/>
</testsuite> <!-- com.by.automate.tests.sample.api.Report -->
