<?xml version="1.0" encoding="UTF-8"?>
<!-- Generated by org.testng.reporters.JUnitReportReporter -->
<testsuite hostname="DESKTOP-G0FJJ3L" name="com.by.automate.tests.ep2p.android.Test_FCDemo" tests="3" failures="0" timestamp="15 Oct 2016 15:52:13 GMT" time="8.573" errors="0">
  <testcase name="Test010VerifyHomePage" time="2.595" classname="com.by.automate.tests.ep2p.android.Test_FCDemo"/>
  <testcase name="Test020GotoFaxian" time="2.849" classname="com.by.automate.tests.ep2p.android.Test_FCDemo"/>
  <testcase name="Test030GotoWode" time="3.129" classname="com.by.automate.tests.ep2p.android.Test_FCDemo"/>
</testsuite> <!-- com.by.automate.tests.ep2p.android.Test_FCDemo -->
